\BOOKMARK [1][-]{section.1}{\376\377\000O\000v\000e\000r\000v\000i\000e\000w}{}% 1
\BOOKMARK [1][-]{section.2}{\376\377\000D\000i\000g\000i\000t\000a\000l\000n\000a\000\040\000f\000o\000r\000e\000n\000z\000i\001\015\000k\000a\000\040\000a\000n\000a\000l\000i\000z\000a\000\040\000\050\000d\000i\000g\000i\000t\000a\000l\000\040\000f\000o\000r\000e\000n\000s\000i\000c\000s\000\040\000a\000n\000a\000l\000y\000s\000i\000s\000\051}{}% 2
\BOOKMARK [2][-]{subsection.2.1}{\376\377\000A\000r\000p\000a\000n\000e\000t\000\040\000o\000f\000\040\000t\000h\000e\000\040\000F\000u\000t\000u\000r\000e}{section.2}% 3
\BOOKMARK [2][-]{subsection.2.2}{\376\377\000W\000h\000e\000n\000\040\000A\000r\000e\000\040\000T\000h\000e\000y\000?}{section.2}% 4
\BOOKMARK [2][-]{subsection.2.3}{\376\377\000D\000e\000-\000L\000o\000r\000e\000a\000n\000i\000z\000e\000\040\000T\000h\000i\000s}{section.2}% 5
\BOOKMARK [2][-]{subsection.2.4}{\376\377\000A\000l\000l\000\040\000S\000e\000\040\000C\000h\000a\000r\000a\000c\000t\000e\000r\000s\000\040\000I\000n\000\040\000I\000n\000s\000t\000a\000l\000l\000a\000t\000i\000o\000n}{section.2}% 6
\BOOKMARK [2][-]{subsection.2.5}{\376\377\000W\000a\000l\000k\000i\000n\000g\000\040\000I\000n\000t\000o\000\040\000A\000\040\000S\000t\000o\000r\000e\000\040\000A\000n\000d\000\040\000B\000u\000y\000i\000n\000g\000\040\000P\000l\000u\000t\000o\000n\000i\000u\000m}{section.2}% 7
\BOOKMARK [1][-]{section.3}{\376\377\000D\000r\000a\000g\000o\000s\000\040\000t\000r\000i\000v\000i\000a}{}% 8
\BOOKMARK [1][-]{section.4}{\376\377\000E\000m\000b\000e\000d\000d\000e\000d\000\040\000u\000r\000e\001\021\000a\000j\000i}{}% 9
\BOOKMARK [2][-]{subsection.4.1}{\376\377\000B\000A\000D\000\040\000-\000\040\000o\000n\000B\000o\000a\000r\000d\000\040\000A\000c\000c\000e\000s\000s\000\040\000D\000e\000v\000i\000c\000e\000\040\000E\000m\000b\000e\000d\000d\000e\000d}{section.4}% 10
\BOOKMARK [2][-]{subsection.4.2}{\376\377\000B\000A\000D\000\040\000L\000o\000g\000i\000n\000\040\000C\000h\000a\000l\000l\000e\000n\000g\000e}{section.4}% 11
\BOOKMARK [2][-]{subsection.4.3}{\376\377\000B\000A\000D\000\040\000W\000h\000a\000t\000\040\000T\000h\000r\000e\000e\000\040\000W\000o\000r\000d\000s}{section.4}% 12
\BOOKMARK [2][-]{subsection.4.4}{\376\377\000B\000A\000D\000\040\000U\000n\000i\000t\000\040\000T\000e\000s\000t}{section.4}% 13
\BOOKMARK [2][-]{subsection.4.5}{\376\377\000B\000A\000D\000\040\000X\000Z\000O\000R}{section.4}% 14
\BOOKMARK [1][-]{section.5}{\376\377\000O\000t\000k\000r\000i\000v\000a\000n\000j\000e}{}% 15
\BOOKMARK [2][-]{subsection.5.1}{\376\377\000S\000o\000m\000e\000t\000h\000i\000n\000g\000\040\000S\000e\000e\000m\000s\000\040\000O\000f\000f\000\040\000D\000o\000c}{section.5}% 16
\BOOKMARK [2][-]{subsection.5.2}{\376\377\000W\000h\000e\000r\000e\000\040\000D\000o\000\040\000W\000e\000\040\000S\000t\000a\000r\000t\000?}{section.5}% 17
\BOOKMARK [2][-]{subsection.5.3}{\376\377\000L\000e\000t\000'\000s\000\040\000T\000a\000l\000k\000\040\000A\000b\000o\000u\000t\000\040\000P\000o\000r\000t\000\040\000H\000a\000r\000d\000e\000n\000i\000n\000g}{section.5}% 18
\BOOKMARK [1][-]{section.6}{\376\377\000P\000r\000v\000o\000b\000i\000t\000n\000i\000\040\000p\000r\000i\000s\000t\000u\000p\000\040\000\050\000i\000n\000i\000t\000i\000a\000l\000\040\000a\000c\000c\000e\000s\000s\000\051}{}% 19
\BOOKMARK [2][-]{subsection.6.1}{\376\377\000K\000n\000o\000c\000k\000i\000n\000g\000\040\000a\000t\000\040\000t\000h\000e\000\040\000D\000o\000o\000r}{section.6}% 20
\BOOKMARK [2][-]{subsection.6.2}{\376\377\000K\000e\000y\000s\000\040\000t\000o\000\040\000t\000h\000e\000\040\000K\000i\000n\000g\000d\000o\000m}{section.6}% 21
\BOOKMARK [2][-]{subsection.6.3}{\376\377\000C\000o\000n\000n\000e\000c\000t\000i\000n\000g\000\040\000t\000h\000e\000\040\000C\000a\000p\000a\000c\000i\000t\000o\000r}{section.6}% 22
\BOOKMARK [1][-]{section.7}{\376\377\000P\000o\000s\000t\000o\000j\000a\000n\000o\000s\000t\000\040\000\050\000P\000e\000r\000s\000i\000s\000t\000a\000n\000c\000e\000\051}{}% 23
\BOOKMARK [2][-]{subsection.7.1}{\376\377\000F\000l\000u\000f\000f\000\040\000C\000a\000p\000a\000c\000i\000t\000o\000r}{section.7}% 24
\BOOKMARK [2][-]{subsection.7.2}{\376\377\000W\000e\000\040\000D\000o\000n\000'\000t\000\040\000N\000e\000e\000d\000\040\000N\000o\000\040\000R\000o\000a\000d\000s}{section.7}% 25
\BOOKMARK [2][-]{subsection.7.3}{\376\377\000W\000e\000\040\000D\000o\000n\000'\000t\000\040\000N\000e\000e\000d\000\040\000N\000o\000\040\000R\000o\000a\000d\000s\000\040\000t\000o\000o}{section.7}% 26
\BOOKMARK [1][-]{section.8}{\376\377\000A\000n\000a\000l\000i\000z\000a\000\040\000I\000C\000S\000\040\000p\000r\000o\000t\000o\000k\000o\000l\000a}{}% 27
\BOOKMARK [2][-]{subsection.8.1}{\376\377\000D\000o\000c\000'\000s\000\040\000M\000y\000s\000t\000e\000r\000i\000o\000u\000s\000\040\000T\000r\000a\000n\000s\000m\000i\000s\000s\000i\000o\000n}{section.8}% 28
\BOOKMARK [2][-]{subsection.8.2}{\376\377\000T\000e\000m\000p\000o\000r\000a\000l\000\040\000N\000e\000t\000w\000o\000r\000k\000\040\000A\000n\000o\000m\000a\000l\000y}{section.8}% 29
\BOOKMARK [2][-]{subsection.8.3}{\376\377\000E\000m\000m\000e\000t\000'\000s\000\040\000E\000n\000e\000r\000g\000y\000\040\000P\000u\000z\000z\000l\000e}{section.8}% 30
\BOOKMARK [2][-]{subsection.8.4}{\376\377\000T\000h\000e\000\040\000B\000i\000f\000f\000\040\000T\000a\000n\000n\000e\000n\000\040\000O\000v\000e\000r\000r\000i\000d\000e}{section.8}% 31
\BOOKMARK [2][-]{subsection.8.5}{\376\377\000S\000a\000v\000e\000\040\000t\000h\000e\000\040\000C\000l\000o\000c\000k\000\040\000T\000o\000w\000e\000r\000\040\000H\000a\000c\000k}{section.8}% 32
\BOOKMARK [2][-]{subsection.8.6}{\376\377\000O\000p\000e\000r\000a\000t\000i\000o\000n\000\040\000L\000i\000g\000h\000t\000s\000\040\000O\000u\000t}{section.8}% 33
\BOOKMARK [1][-]{section.9}{\376\377\000K\000o\000n\000t\000r\000o\000l\000a\000\040\000\050\000C\000o\000m\000m\000a\000n\000d\000\040\000a\000n\000d\000\040\000c\000o\000n\000t\000r\000o\000l\000\051}{}% 34
\BOOKMARK [2][-]{subsection.9.1}{\376\377\000B\000o\000t\000n\000e\000t\000\040\000B\000i\000n\000a\000r\000y\000\040\000o\000f\000\040\000t\000h\000e\000\040\000F\000u\000t\000u\000r\000e}{section.9}% 35
\BOOKMARK [1][-]{section.10}{\376\377\000R\000e\000v\000e\000r\000s\000i\000n\000g}{}% 36
\BOOKMARK [2][-]{subsection.10.1}{\376\377\000P\000a\000s\000t\000a\000s\000t\000r\000o\000p\000h\000e}{section.10}% 37
\BOOKMARK [1][-]{section.11}{\376\377\000Z\000a\000h\000v\000a\000l\000e}{}% 38
